<?xml version="1.0" encoding="UTF-8"?>
<testsuite name="tests.QuickTest" tests="1" skipped="0" failures="0" errors="0" timestamp="2021-08-12T14:49:35" hostname="MacBook-Pro-Taya.local" time="0.0">
  <properties/>
  <testcase name="quicktest" classname="tests.QuickTest" time="0.0"/>
  <system-out><![CDATA[17:49:35.034  INFO  tests.TestBase - Start method -->quicktest
17:49:35.035  INFO  tests.TestBase - Test Start with Data -->[]
17:49:35.035  INFO  tests.TestBase - ==================================================================
Im Quick test
17:49:35.036  INFO  tests.TestBase - End of method -->quicktest
]]></system-out>
  <system-err><![CDATA[]]></system-err>
</testsuite>
