<?xml version="1.0" encoding="UTF-8"?>
<testsuite name="tests.LoginTest" tests="12" skipped="0" failures="0" errors="0" timestamp="2021-08-12T14:49:02" hostname="MacBook-Pro-Taya.local" time="32.295">
  <properties/>
  <testcase name="loginTestBase" classname="tests.LoginTest" time="0.658"/>
  <testcase name="loginTestDP_CSV[0](User{email='noa@gmail.com', password='Nnoa12345$'})" classname="tests.LoginTest" time="0.635"/>
  <testcase name="loginTestDP_CSV[1](User{email='noa@gmail.com', password='Nnoa12345$'})" classname="tests.LoginTest" time="0.537"/>
  <testcase name="loginTestDP_CSV[2](User{email='noa@gmail.com', password='Nnoa12345$'})" classname="tests.LoginTest" time="0.577"/>
  <testcase name="loginTestDataProvider[0](noa@gmail.com, Nnoa12345$)" classname="tests.LoginTest" time="2.466"/>
  <testcase name="loginTestDataProvider[1](sonya@gmail.com, Ss12345$)" classname="tests.LoginTest" time="2.485"/>
  <testcase name="loginTestDataProvider[2](noa@gmail.com, Nnoa12345$)" classname="tests.LoginTest" time="2.466"/>
  <testcase name="loginTestDataProviderClass[0](noa@gmail.com, Nnoa12345$)" classname="tests.LoginTest" time="2.636"/>
  <testcase name="loginTestDataProviderClass[1](sonya@gmail.com, Ss12345$)" classname="tests.LoginTest" time="2.488"/>
  <testcase name="loginTestDataProviderClass[2](noa@gmail.com, Nnoa12345$)" classname="tests.LoginTest" time="2.455"/>
  <testcase name="loginTestPositiveNewContact" classname="tests.LoginTest" time="2.502"/>
  <testcase name="loginTestWithWrongPassword" classname="tests.LoginTest" time="11.083"/>
  <system-out><![CDATA[17:49:02.493  INFO  tests.TestBase - Start method -->loginTestBase
17:49:02.493  INFO  tests.TestBase - Test Start with Data -->[]
17:49:02.493  INFO  tests.TestBase - ==================================================================
17:49:02.494  INFO  manager.MyListener - Start find element by -->By.xpath: //button[text()='Sign Out']
17:49:02.511  INFO  manager.MyListener - The element -->By.xpath: //button[text()='Sign Out']was found
17:49:02.532  INFO  manager.MyListener - Start find element by -->By.xpath: //button[text()='Sign Out']
17:49:02.555  INFO  manager.MyListener - The element -->By.xpath: //button[text()='Sign Out']was found
17:49:02.614  INFO  manager.MyListener - Start find element by -->By.xpath: //button[text()='Sign Out']
17:49:02.622  INFO  manager.MyListener - The element -->By.xpath: //button[text()='Sign Out']was found
17:49:02.736  INFO  manager.MyListener - Start find element by -->By.xpath: //a[.='LOGIN']
17:49:02.756  INFO  manager.MyListener - The element -->By.xpath: //a[.='LOGIN']was found
17:49:02.844  INFO  manager.MyListener - Start find element by -->By.xpath: //input[1]
17:49:02.866  INFO  manager.MyListener - The element -->By.xpath: //input[1]was found
17:49:03.060  INFO  manager.MyListener - Start find element by -->By.xpath: //input[2]
17:49:03.071  INFO  manager.MyListener - The element -->By.xpath: //input[2]was found
17:49:03.208  INFO  manager.MyListener - Start find element by -->By.xpath: //button[1]
17:49:03.223  INFO  manager.MyListener - The element -->By.xpath: //button[1]was found
17:49:03.275  INFO  manager.MyListener - Start find element by -->By.xpath: //button[text()='Sign Out']
17:49:03.393  INFO  manager.MyListener - The element -->By.xpath: //button[text()='Sign Out']was found
17:49:03.395  INFO  tests.TestBase - End of method -->loginTestBase
17:49:03.396  INFO  tests.TestBase - Start method -->loginTestDP_CSV
17:49:03.397  INFO  tests.TestBase - Test Start with Data -->[User{email='noa@gmail.com', password='Nnoa12345$'}]
17:49:03.397  INFO  tests.TestBase - ==================================================================
17:49:03.397  INFO  manager.MyListener - Start find element by -->By.xpath: //button[text()='Sign Out']
17:49:03.407  INFO  manager.MyListener - The element -->By.xpath: //button[text()='Sign Out']was found
17:49:03.408  INFO  manager.MyListener - Start find element by -->By.xpath: //button[text()='Sign Out']
17:49:03.418  INFO  manager.MyListener - The element -->By.xpath: //button[text()='Sign Out']was found
17:49:03.440  INFO  manager.MyListener - Start find element by -->By.xpath: //button[text()='Sign Out']
17:49:03.447  INFO  manager.MyListener - The element -->By.xpath: //button[text()='Sign Out']was found
17:49:03.498  INFO  manager.MyListener - Start find element by -->By.xpath: //a[.='LOGIN']
17:49:03.525  INFO  manager.MyListener - The element -->By.xpath: //a[.='LOGIN']was found
17:49:03.597  INFO  manager.MyListener - Start find element by -->By.xpath: //input[1]
17:49:03.611  INFO  manager.MyListener - The element -->By.xpath: //input[1]was found
17:49:03.753  INFO  manager.MyListener - Start find element by -->By.xpath: //input[2]
17:49:03.763  INFO  manager.MyListener - The element -->By.xpath: //input[2]was found
17:49:03.900  INFO  manager.MyListener - Start find element by -->By.xpath: //button[1]
17:49:03.918  INFO  manager.MyListener - The element -->By.xpath: //button[1]was found
17:49:04.010  INFO  manager.MyListener - Start find element by -->By.xpath: //button[text()='Sign Out']
17:49:04.133  INFO  manager.MyListener - The element -->By.xpath: //button[text()='Sign Out']was found
17:49:04.134  INFO  tests.TestBase - End of method -->loginTestDP_CSV
17:49:04.135  INFO  tests.TestBase - Start method -->loginTestDP_CSV
17:49:04.135  INFO  tests.TestBase - Test Start with Data -->[User{email='noa@gmail.com', password='Nnoa12345$'}]
17:49:04.135  INFO  tests.TestBase - ==================================================================
17:49:04.135  INFO  manager.MyListener - Start find element by -->By.xpath: //button[text()='Sign Out']
17:49:04.144  INFO  manager.MyListener - The element -->By.xpath: //button[text()='Sign Out']was found
17:49:04.144  INFO  manager.MyListener - Start find element by -->By.xpath: //button[text()='Sign Out']
17:49:04.154  INFO  manager.MyListener - The element -->By.xpath: //button[text()='Sign Out']was found
17:49:04.171  INFO  manager.MyListener - Start find element by -->By.xpath: //button[text()='Sign Out']
17:49:04.181  INFO  manager.MyListener - The element -->By.xpath: //button[text()='Sign Out']was found
17:49:04.232  INFO  manager.MyListener - Start find element by -->By.xpath: //a[.='LOGIN']
17:49:04.256  INFO  manager.MyListener - The element -->By.xpath: //a[.='LOGIN']was found
17:49:04.298  INFO  manager.MyListener - Start find element by -->By.xpath: //input[1]
17:49:04.311  INFO  manager.MyListener - The element -->By.xpath: //input[1]was found
17:49:04.464  INFO  manager.MyListener - Start find element by -->By.xpath: //input[2]
17:49:04.475  INFO  manager.MyListener - The element -->By.xpath: //input[2]was found
17:49:04.585  INFO  manager.MyListener - Start find element by -->By.xpath: //button[1]
17:49:04.598  INFO  manager.MyListener - The element -->By.xpath: //button[1]was found
17:49:04.645  INFO  manager.MyListener - Start find element by -->By.xpath: //button[text()='Sign Out']
17:49:04.768  INFO  manager.MyListener - The element -->By.xpath: //button[text()='Sign Out']was found
17:49:04.769  INFO  tests.TestBase - End of method -->loginTestDP_CSV
17:49:04.770  INFO  tests.TestBase - Start method -->loginTestDP_CSV
17:49:04.770  INFO  tests.TestBase - Test Start with Data -->[User{email='noa@gmail.com', password='Nnoa12345$'}]
17:49:04.770  INFO  tests.TestBase - ==================================================================
17:49:04.771  INFO  manager.MyListener - Start find element by -->By.xpath: //button[text()='Sign Out']
17:49:04.781  INFO  manager.MyListener - The element -->By.xpath: //button[text()='Sign Out']was found
17:49:04.781  INFO  manager.MyListener - Start find element by -->By.xpath: //button[text()='Sign Out']
17:49:04.790  INFO  manager.MyListener - The element -->By.xpath: //button[text()='Sign Out']was found
17:49:04.808  INFO  manager.MyListener - Start find element by -->By.xpath: //button[text()='Sign Out']
17:49:04.816  INFO  manager.MyListener - The element -->By.xpath: //button[text()='Sign Out']was found
17:49:04.880  INFO  manager.MyListener - Start find element by -->By.xpath: //a[.='LOGIN']
17:49:04.894  INFO  manager.MyListener - The element -->By.xpath: //a[.='LOGIN']was found
17:49:04.937  INFO  manager.MyListener - Start find element by -->By.xpath: //input[1]
17:49:04.951  INFO  manager.MyListener - The element -->By.xpath: //input[1]was found
17:49:05.132  INFO  manager.MyListener - Start find element by -->By.xpath: //input[2]
17:49:05.143  INFO  manager.MyListener - The element -->By.xpath: //input[2]was found
17:49:05.291  INFO  manager.MyListener - Start find element by -->By.xpath: //button[1]
17:49:05.299  INFO  manager.MyListener - The element -->By.xpath: //button[1]was found
17:49:05.334  INFO  manager.MyListener - Start find element by -->By.xpath: //button[text()='Sign Out']
17:49:05.456  INFO  manager.MyListener - The element -->By.xpath: //button[text()='Sign Out']was found
17:49:05.457  INFO  tests.TestBase - End of method -->loginTestDP_CSV
17:49:05.458  INFO  tests.TestBase - Start method -->loginTestDataProvider
17:49:05.459  INFO  tests.TestBase - Test Start with Data -->[noa@gmail.com, Nnoa12345$]
17:49:05.459  INFO  tests.TestBase - ==================================================================
17:49:05.460  INFO  manager.MyListener - Start find element by -->By.xpath: //button[text()='Sign Out']
17:49:05.470  INFO  manager.MyListener - The element -->By.xpath: //button[text()='Sign Out']was found
17:49:05.470  INFO  manager.MyListener - Start find element by -->By.xpath: //button[text()='Sign Out']
17:49:05.478  INFO  manager.MyListener - The element -->By.xpath: //button[text()='Sign Out']was found
17:49:05.492  INFO  manager.MyListener - Start find element by -->By.xpath: //button[text()='Sign Out']
17:49:05.500  INFO  manager.MyListener - The element -->By.xpath: //button[text()='Sign Out']was found
17:49:05.553  INFO  manager.MyListener - Start find element by -->By.xpath: //a[.='LOGIN']
17:49:05.579  INFO  manager.MyListener - The element -->By.xpath: //a[.='LOGIN']was found
17:49:05.625  INFO  manager.MyListener - Start find element by -->By.xpath: //input[1]
17:49:05.633  INFO  manager.MyListener - The element -->By.xpath: //input[1]was found
17:49:05.808  INFO  manager.MyListener - Start find element by -->By.xpath: //input[2]
17:49:05.831  INFO  manager.MyListener - The element -->By.xpath: //input[2]was found
17:49:05.942  INFO  manager.MyListener - Start find element by -->By.xpath: //button[1]
17:49:05.952  INFO  manager.MyListener - The element -->By.xpath: //button[1]was found
17:49:08.000  INFO  manager.MyListener - Start find element by -->By.xpath: //button[text()='Sign Out']
17:49:08.017  INFO  manager.MyListener - The element -->By.xpath: //button[text()='Sign Out']was found
17:49:08.018  INFO  tests.TestBase - End of method -->loginTestDataProvider
17:49:08.019  INFO  tests.TestBase - Start method -->loginTestDataProvider
17:49:08.019  INFO  tests.TestBase - Test Start with Data -->[sonya@gmail.com, Ss12345$]
17:49:08.019  INFO  tests.TestBase - ==================================================================
17:49:08.019  INFO  manager.MyListener - Start find element by -->By.xpath: //button[text()='Sign Out']
17:49:08.027  INFO  manager.MyListener - The element -->By.xpath: //button[text()='Sign Out']was found
17:49:08.027  INFO  manager.MyListener - Start find element by -->By.xpath: //button[text()='Sign Out']
17:49:08.034  INFO  manager.MyListener - The element -->By.xpath: //button[text()='Sign Out']was found
17:49:08.049  INFO  manager.MyListener - Start find element by -->By.xpath: //button[text()='Sign Out']
17:49:08.065  INFO  manager.MyListener - The element -->By.xpath: //button[text()='Sign Out']was found
17:49:08.118  INFO  manager.MyListener - Start find element by -->By.xpath: //a[.='LOGIN']
17:49:08.147  INFO  manager.MyListener - The element -->By.xpath: //a[.='LOGIN']was found
17:49:08.180  INFO  manager.MyListener - Start find element by -->By.xpath: //input[1]
17:49:08.187  INFO  manager.MyListener - The element -->By.xpath: //input[1]was found
17:49:08.381  INFO  manager.MyListener - Start find element by -->By.xpath: //input[2]
17:49:08.396  INFO  manager.MyListener - The element -->By.xpath: //input[2]was found
17:49:08.534  INFO  manager.MyListener - Start find element by -->By.xpath: //button[1]
17:49:08.545  INFO  manager.MyListener - The element -->By.xpath: //button[1]was found
17:49:10.587  INFO  manager.MyListener - Start find element by -->By.xpath: //button[text()='Sign Out']
17:49:10.602  INFO  manager.MyListener - The element -->By.xpath: //button[text()='Sign Out']was found
17:49:10.603  INFO  tests.TestBase - End of method -->loginTestDataProvider
17:49:10.605  INFO  tests.TestBase - Start method -->loginTestDataProvider
17:49:10.605  INFO  tests.TestBase - Test Start with Data -->[noa@gmail.com, Nnoa12345$]
17:49:10.605  INFO  tests.TestBase - ==================================================================
17:49:10.606  INFO  manager.MyListener - Start find element by -->By.xpath: //button[text()='Sign Out']
17:49:10.615  INFO  manager.MyListener - The element -->By.xpath: //button[text()='Sign Out']was found
17:49:10.616  INFO  manager.MyListener - Start find element by -->By.xpath: //button[text()='Sign Out']
17:49:10.626  INFO  manager.MyListener - The element -->By.xpath: //button[text()='Sign Out']was found
17:49:10.658  INFO  manager.MyListener - Start find element by -->By.xpath: //button[text()='Sign Out']
17:49:10.670  INFO  manager.MyListener - The element -->By.xpath: //button[text()='Sign Out']was found
17:49:10.735  INFO  manager.MyListener - Start find element by -->By.xpath: //a[.='LOGIN']
17:49:10.761  INFO  manager.MyListener - The element -->By.xpath: //a[.='LOGIN']was found
17:49:10.803  INFO  manager.MyListener - Start find element by -->By.xpath: //input[1]
17:49:10.810  INFO  manager.MyListener - The element -->By.xpath: //input[1]was found
17:49:10.979  INFO  manager.MyListener - Start find element by -->By.xpath: //input[2]
17:49:10.995  INFO  manager.MyListener - The element -->By.xpath: //input[2]was found
17:49:11.134  INFO  manager.MyListener - Start find element by -->By.xpath: //button[1]
17:49:11.146  INFO  manager.MyListener - The element -->By.xpath: //button[1]was found
17:49:13.186  INFO  manager.MyListener - Start find element by -->By.xpath: //button[text()='Sign Out']
17:49:13.201  INFO  manager.MyListener - The element -->By.xpath: //button[text()='Sign Out']was found
17:49:13.202  INFO  tests.TestBase - End of method -->loginTestDataProvider
17:49:13.205  INFO  tests.TestBase - Start method -->loginTestDataProviderClass
17:49:13.205  INFO  tests.TestBase - Test Start with Data -->[noa@gmail.com, Nnoa12345$]
17:49:13.205  INFO  tests.TestBase - ==================================================================
17:49:13.206  INFO  manager.MyListener - Start find element by -->By.xpath: //button[text()='Sign Out']
17:49:13.220  INFO  manager.MyListener - The element -->By.xpath: //button[text()='Sign Out']was found
17:49:13.222  INFO  manager.MyListener - Start find element by -->By.xpath: //button[text()='Sign Out']
17:49:13.234  INFO  manager.MyListener - The element -->By.xpath: //button[text()='Sign Out']was found
17:49:13.266  INFO  manager.MyListener - Start find element by -->By.xpath: //button[text()='Sign Out']
17:49:13.286  INFO  manager.MyListener - The element -->By.xpath: //button[text()='Sign Out']was found
17:49:13.369  INFO  manager.MyListener - Start find element by -->By.xpath: //a[.='LOGIN']
17:49:13.397  INFO  manager.MyListener - The element -->By.xpath: //a[.='LOGIN']was found
17:49:13.440  INFO  manager.MyListener - Start find element by -->By.xpath: //input[1]
17:49:13.450  INFO  manager.MyListener - The element -->By.xpath: //input[1]was found
17:49:13.792  INFO  manager.MyListener - Start find element by -->By.xpath: //input[2]
17:49:13.800  INFO  manager.MyListener - The element -->By.xpath: //input[2]was found
17:49:13.919  INFO  manager.MyListener - Start find element by -->By.xpath: //button[1]
17:49:13.930  INFO  manager.MyListener - The element -->By.xpath: //button[1]was found
17:49:15.987  INFO  manager.MyListener - Start find element by -->By.xpath: //button[text()='Sign Out']
17:49:16.003  INFO  manager.MyListener - The element -->By.xpath: //button[text()='Sign Out']was found
17:49:16.006  INFO  tests.TestBase - End of method -->loginTestDataProviderClass
17:49:16.007  INFO  tests.TestBase - Start method -->loginTestDataProviderClass
17:49:16.007  INFO  tests.TestBase - Test Start with Data -->[sonya@gmail.com, Ss12345$]
17:49:16.007  INFO  tests.TestBase - ==================================================================
17:49:16.008  INFO  manager.MyListener - Start find element by -->By.xpath: //button[text()='Sign Out']
17:49:16.017  INFO  manager.MyListener - The element -->By.xpath: //button[text()='Sign Out']was found
17:49:16.017  INFO  manager.MyListener - Start find element by -->By.xpath: //button[text()='Sign Out']
17:49:16.031  INFO  manager.MyListener - The element -->By.xpath: //button[text()='Sign Out']was found
17:49:16.063  INFO  manager.MyListener - Start find element by -->By.xpath: //button[text()='Sign Out']
17:49:16.087  INFO  manager.MyListener - The element -->By.xpath: //button[text()='Sign Out']was found
17:49:16.170  INFO  manager.MyListener - Start find element by -->By.xpath: //a[.='LOGIN']
17:49:16.185  INFO  manager.MyListener - The element -->By.xpath: //a[.='LOGIN']was found
17:49:16.224  INFO  manager.MyListener - Start find element by -->By.xpath: //input[1]
17:49:16.234  INFO  manager.MyListener - The element -->By.xpath: //input[1]was found
17:49:16.426  INFO  manager.MyListener - Start find element by -->By.xpath: //input[2]
17:49:16.434  INFO  manager.MyListener - The element -->By.xpath: //input[2]was found
17:49:16.563  INFO  manager.MyListener - Start find element by -->By.xpath: //button[1]
17:49:16.576  INFO  manager.MyListener - The element -->By.xpath: //button[1]was found
17:49:18.641  INFO  manager.MyListener - Start find element by -->By.xpath: //button[text()='Sign Out']
17:49:18.657  INFO  manager.MyListener - The element -->By.xpath: //button[text()='Sign Out']was found
17:49:18.659  INFO  tests.TestBase - End of method -->loginTestDataProviderClass
17:49:18.663  INFO  tests.TestBase - Start method -->loginTestDataProviderClass
17:49:18.663  INFO  tests.TestBase - Test Start with Data -->[noa@gmail.com, Nnoa12345$]
17:49:18.663  INFO  tests.TestBase - ==================================================================
17:49:18.664  INFO  manager.MyListener - Start find element by -->By.xpath: //button[text()='Sign Out']
17:49:18.677  INFO  manager.MyListener - The element -->By.xpath: //button[text()='Sign Out']was found
17:49:18.677  INFO  manager.MyListener - Start find element by -->By.xpath: //button[text()='Sign Out']
17:49:18.687  INFO  manager.MyListener - The element -->By.xpath: //button[text()='Sign Out']was found
17:49:18.702  INFO  manager.MyListener - Start find element by -->By.xpath: //button[text()='Sign Out']
17:49:18.710  INFO  manager.MyListener - The element -->By.xpath: //button[text()='Sign Out']was found
17:49:18.780  INFO  manager.MyListener - Start find element by -->By.xpath: //a[.='LOGIN']
17:49:18.792  INFO  manager.MyListener - The element -->By.xpath: //a[.='LOGIN']was found
17:49:18.830  INFO  manager.MyListener - Start find element by -->By.xpath: //input[1]
17:49:18.838  INFO  manager.MyListener - The element -->By.xpath: //input[1]was found
17:49:19.023  INFO  manager.MyListener - Start find element by -->By.xpath: //input[2]
17:49:19.036  INFO  manager.MyListener - The element -->By.xpath: //input[2]was found
17:49:19.169  INFO  manager.MyListener - Start find element by -->By.xpath: //button[1]
17:49:19.183  INFO  manager.MyListener - The element -->By.xpath: //button[1]was found
17:49:21.223  INFO  manager.MyListener - Start find element by -->By.xpath: //button[text()='Sign Out']
17:49:21.234  INFO  manager.MyListener - The element -->By.xpath: //button[text()='Sign Out']was found
17:49:21.235  INFO  tests.TestBase - End of method -->loginTestDataProviderClass
17:49:21.236  INFO  tests.TestBase - Start method -->loginTestPositiveNewContact
17:49:21.237  INFO  tests.TestBase - Test Start with Data -->[]
17:49:21.238  INFO  tests.TestBase - ==================================================================
17:49:21.239  INFO  manager.MyListener - Start find element by -->By.xpath: //button[text()='Sign Out']
17:49:21.249  INFO  manager.MyListener - The element -->By.xpath: //button[text()='Sign Out']was found
17:49:21.249  INFO  manager.MyListener - Start find element by -->By.xpath: //button[text()='Sign Out']
17:49:21.264  INFO  manager.MyListener - The element -->By.xpath: //button[text()='Sign Out']was found
17:49:21.280  INFO  manager.MyListener - Start find element by -->By.xpath: //button[text()='Sign Out']
17:49:21.289  INFO  manager.MyListener - The element -->By.xpath: //button[text()='Sign Out']was found
17:49:21.352  INFO  manager.MyListener - Start find element by -->By.xpath: //a[.='LOGIN']
17:49:21.378  INFO  manager.MyListener - The element -->By.xpath: //a[.='LOGIN']was found
17:49:21.417  INFO  manager.MyListener - Start find element by -->By.xpath: //input[@placeholder='Email']
17:49:21.430  INFO  manager.MyListener - The element -->By.xpath: //input[@placeholder='Email']was found
17:49:21.618  INFO  manager.MyListener - Start find element by -->By.xpath: //input[@placeholder='Password']
17:49:21.641  INFO  manager.MyListener - The element -->By.xpath: //input[@placeholder='Password']was found
17:49:21.766  INFO  manager.MyListener - Start find element by -->By.xpath: //button[.=' Login']
17:49:21.780  INFO  manager.MyListener - The element -->By.xpath: //button[.=' Login']was found
17:49:23.821  INFO  manager.MyListener - Start find element by -->By.xpath: //a[.='ADD']
17:49:23.841  INFO  manager.MyListener - The element -->By.xpath: //a[.='ADD']was found
17:49:23.854  INFO  tests.TestBase - End of method -->loginTestPositiveNewContact
17:49:23.855  INFO  tests.TestBase - Start method -->loginTestWithWrongPassword
17:49:23.856  INFO  tests.TestBase - Test Start with Data -->[]
17:49:23.856  INFO  tests.TestBase - ==================================================================
17:49:23.856  INFO  manager.MyListener - Start find element by -->By.xpath: //button[text()='Sign Out']
17:49:23.864  INFO  manager.MyListener - The element -->By.xpath: //button[text()='Sign Out']was found
17:49:23.865  INFO  manager.MyListener - Start find element by -->By.xpath: //button[text()='Sign Out']
17:49:23.873  INFO  manager.MyListener - The element -->By.xpath: //button[text()='Sign Out']was found
17:49:23.887  INFO  manager.MyListener - Start find element by -->By.xpath: //button[text()='Sign Out']
17:49:23.895  INFO  manager.MyListener - The element -->By.xpath: //button[text()='Sign Out']was found
17:49:23.948  INFO  manager.MyListener - Start find element by -->By.xpath: //a[.='LOGIN']
17:49:23.982  INFO  manager.MyListener - The element -->By.xpath: //a[.='LOGIN']was found
17:49:24.025  INFO  manager.MyListener - Start find element by -->By.xpath: //input[1]
17:49:24.033  INFO  manager.MyListener - The element -->By.xpath: //input[1]was found
17:49:24.245  INFO  manager.MyListener - Start find element by -->By.xpath: //input[2]
17:49:24.257  INFO  manager.MyListener - The element -->By.xpath: //input[2]was found
17:49:24.370  INFO  manager.MyListener - Start find element by -->By.xpath: //button[1]
17:49:24.379  INFO  manager.MyListener - The element -->By.xpath: //button[1]was found
17:49:24.967  INFO  manager.MyListener - Start find element by -->By.xpath: //button[text()='Sign Out']
17:49:35.031  INFO  manager.MyListener - The element -->By.xpath: //button[text()='Sign Out']was found
17:49:35.032  INFO  tests.TestBase - End of method -->loginTestWithWrongPassword
]]></system-out>
  <system-err><![CDATA[]]></system-err>
</testsuite>
