<?xml version="1.0" encoding="UTF-8"?>
<testsuite name="tests.RemoveContactTest" tests="2" skipped="0" failures="1" errors="0" timestamp="2021-08-12T14:49:46" hostname="MacBook-Pro-Taya.local" time="51.225">
  <properties/>
  <testcase name="removeAllContacts" classname="tests.RemoveContactTest" time="39.996"/>
  <testcase name="removeOneContact" classname="tests.RemoveContactTest" time="11.219">
    <failure message="org.openqa.selenium.NoSuchElementException: no such element: Unable to locate element: {&quot;method&quot;:&quot;css selector&quot;,&quot;selector&quot;:&quot;.contact-item_card__2SOIM&quot;}&#10;  (Session info: chrome=92.0.4515.131)&#10;For documentation on this error, please visit: https://www.seleniumhq.org/exceptions/no_such_element.html&#10;Build info: version: '3.141.59', revision: 'e82be7d358', time: '2018-11-14T08:17:03'&#10;System info: host: 'MacBook-Pro-Taya.local', ip: 'fe80:0:0:0:c50:f5f3:ebc6:fb9d%en0', os.name: 'Mac OS X', os.arch: 'x86_64', os.version: '10.16', java.version: '1.8.0_151'&#10;Driver info: org.openqa.selenium.chrome.ChromeDriver&#10;Capabilities {acceptInsecureCerts: false, browserName: chrome, browserVersion: 92.0.4515.131, chrome: {chromedriverVersion: 91.0.4472.101 (af52a90bf870..., userDataDir: /var/folders/s_/hl4vhy0959g...}, goog:chromeOptions: {debuggerAddress: localhost:50900}, javascriptEnabled: true, networkConnectionEnabled: false, pageLoadStrategy: normal, platform: MAC, platformName: MAC, proxy: Proxy(), setWindowRect: true, strictFileInteractability: false, timeouts: {implicit: 0, pageLoad: 300000, script: 30000}, unhandledPromptBehavior: dismiss and notify, webauthn:extension:largeBlob: true, webauthn:virtualAuthenticators: true}&#10;Session ID: 7afff24518be32060fb9dd213dd25bff&#10;*** Element info: {Using=css selector, value=.contact-item_card__2SOIM}" type="org.openqa.selenium.NoSuchElementException">org.openqa.selenium.NoSuchElementException: no such element: Unable to locate element: {&quot;method&quot;:&quot;css selector&quot;,&quot;selector&quot;:&quot;.contact-item_card__2SOIM&quot;}
  (Session info: chrome=92.0.4515.131)
For documentation on this error, please visit: https://www.seleniumhq.org/exceptions/no_such_element.html
Build info: version: '3.141.59', revision: 'e82be7d358', time: '2018-11-14T08:17:03'
System info: host: 'MacBook-Pro-Taya.local', ip: 'fe80:0:0:0:c50:f5f3:ebc6:fb9d%en0', os.name: 'Mac OS X', os.arch: 'x86_64', os.version: '10.16', java.version: '1.8.0_151'
Driver info: org.openqa.selenium.chrome.ChromeDriver
Capabilities {acceptInsecureCerts: false, browserName: chrome, browserVersion: 92.0.4515.131, chrome: {chromedriverVersion: 91.0.4472.101 (af52a90bf870..., userDataDir: /var/folders/s_/hl4vhy0959g...}, goog:chromeOptions: {debuggerAddress: localhost:50900}, javascriptEnabled: true, networkConnectionEnabled: false, pageLoadStrategy: normal, platform: MAC, platformName: MAC, proxy: Proxy(), setWindowRect: true, strictFileInteractability: false, timeouts: {implicit: 0, pageLoad: 300000, script: 30000}, unhandledPromptBehavior: dismiss and notify, webauthn:extension:largeBlob: true, webauthn:virtualAuthenticators: true}
Session ID: 7afff24518be32060fb9dd213dd25bff
*** Element info: {Using=css selector, value=.contact-item_card__2SOIM}
	at sun.reflect.NativeConstructorAccessorImpl.newInstance0(Native Method)
	at sun.reflect.NativeConstructorAccessorImpl.newInstance(NativeConstructorAccessorImpl.java:62)
	at sun.reflect.DelegatingConstructorAccessorImpl.newInstance(DelegatingConstructorAccessorImpl.java:45)
	at java.lang.reflect.Constructor.newInstance(Constructor.java:423)
	at org.openqa.selenium.remote.http.W3CHttpResponseCodec.createException(W3CHttpResponseCodec.java:187)
	at org.openqa.selenium.remote.http.W3CHttpResponseCodec.decode(W3CHttpResponseCodec.java:122)
	at org.openqa.selenium.remote.http.W3CHttpResponseCodec.decode(W3CHttpResponseCodec.java:49)
	at org.openqa.selenium.remote.HttpCommandExecutor.execute(HttpCommandExecutor.java:158)
	at org.openqa.selenium.remote.service.DriverCommandExecutor.execute(DriverCommandExecutor.java:83)
	at org.openqa.selenium.remote.RemoteWebDriver.execute(RemoteWebDriver.java:552)
	at org.openqa.selenium.remote.RemoteWebDriver.findElement(RemoteWebDriver.java:323)
	at org.openqa.selenium.remote.RemoteWebDriver.findElementByCssSelector(RemoteWebDriver.java:420)
	at org.openqa.selenium.By$ByCssSelector.findElement(By.java:431)
	at org.openqa.selenium.remote.RemoteWebDriver.findElement(RemoteWebDriver.java:315)
	at sun.reflect.GeneratedMethodAccessor6.invoke(Unknown Source)
	at sun.reflect.DelegatingMethodAccessorImpl.invoke(DelegatingMethodAccessorImpl.java:43)
	at java.lang.reflect.Method.invoke(Method.java:498)
	at org.openqa.selenium.support.events.EventFiringWebDriver.lambda$new$1(EventFiringWebDriver.java:105)
	at com.sun.proxy.$Proxy13.findElement(Unknown Source)
	at org.openqa.selenium.support.events.EventFiringWebDriver.findElement(EventFiringWebDriver.java:194)
	at manager.ContactHelper.removeOneContact(ContactHelper.java:47)
	at tests.RemoveContactTest.removeOneContact(RemoveContactTest.java:18)
	at sun.reflect.NativeMethodAccessorImpl.invoke0(Native Method)
	at sun.reflect.NativeMethodAccessorImpl.invoke(NativeMethodAccessorImpl.java:62)
	at sun.reflect.DelegatingMethodAccessorImpl.invoke(DelegatingMethodAccessorImpl.java:43)
	at java.lang.reflect.Method.invoke(Method.java:498)
	at org.testng.internal.MethodInvocationHelper.invokeMethod(MethodInvocationHelper.java:134)
	at org.testng.internal.TestInvoker.invokeMethod(TestInvoker.java:597)
	at org.testng.internal.TestInvoker.invokeTestMethod(TestInvoker.java:173)
	at org.testng.internal.MethodRunner.runInSequence(MethodRunner.java:46)
	at org.testng.internal.TestInvoker$MethodInvocationAgent.invoke(TestInvoker.java:816)
	at org.testng.internal.TestInvoker.invokeTestMethods(TestInvoker.java:146)
	at org.testng.internal.TestMethodWorker.invokeTestMethods(TestMethodWorker.java:146)
	at org.testng.internal.TestMethodWorker.run(TestMethodWorker.java:128)
	at java.util.ArrayList.forEach(ArrayList.java:1255)
	at org.testng.TestRunner.privateRun(TestRunner.java:766)
	at org.testng.TestRunner.run(TestRunner.java:587)
	at org.testng.SuiteRunner.runTest(SuiteRunner.java:384)
	at org.testng.SuiteRunner.runSequentially(SuiteRunner.java:378)
	at org.testng.SuiteRunner.privateRun(SuiteRunner.java:337)
	at org.testng.SuiteRunner.run(SuiteRunner.java:286)
	at org.testng.SuiteRunnerWorker.runSuite(SuiteRunnerWorker.java:53)
	at org.testng.SuiteRunnerWorker.run(SuiteRunnerWorker.java:96)
	at org.testng.TestNG.runSuitesSequentially(TestNG.java:1187)
	at org.testng.TestNG.runSuitesLocally(TestNG.java:1109)
	at org.testng.TestNG.runSuites(TestNG.java:1039)
	at org.testng.TestNG.run(TestNG.java:1007)
	at org.gradle.api.internal.tasks.testing.testng.TestNGTestClassProcessor.runTests(TestNGTestClassProcessor.java:141)
	at org.gradle.api.internal.tasks.testing.testng.TestNGTestClassProcessor.stop(TestNGTestClassProcessor.java:90)
	at org.gradle.api.internal.tasks.testing.SuiteTestClassProcessor.stop(SuiteTestClassProcessor.java:61)
	at sun.reflect.NativeMethodAccessorImpl.invoke0(Native Method)
	at sun.reflect.NativeMethodAccessorImpl.invoke(NativeMethodAccessorImpl.java:62)
	at sun.reflect.DelegatingMethodAccessorImpl.invoke(DelegatingMethodAccessorImpl.java:43)
	at java.lang.reflect.Method.invoke(Method.java:498)
	at org.gradle.internal.dispatch.ReflectionDispatch.dispatch(ReflectionDispatch.java:36)
	at org.gradle.internal.dispatch.ReflectionDispatch.dispatch(ReflectionDispatch.java:24)
	at org.gradle.internal.dispatch.ContextClassLoaderDispatch.dispatch(ContextClassLoaderDispatch.java:33)
	at org.gradle.internal.dispatch.ProxyDispatchAdapter$DispatchingInvocationHandler.invoke(ProxyDispatchAdapter.java:94)
	at com.sun.proxy.$Proxy2.stop(Unknown Source)
	at org.gradle.api.internal.tasks.testing.worker.TestWorker.stop(TestWorker.java:133)
	at sun.reflect.NativeMethodAccessorImpl.invoke0(Native Method)
	at sun.reflect.NativeMethodAccessorImpl.invoke(NativeMethodAccessorImpl.java:62)
	at sun.reflect.DelegatingMethodAccessorImpl.invoke(DelegatingMethodAccessorImpl.java:43)
	at java.lang.reflect.Method.invoke(Method.java:498)
	at org.gradle.internal.dispatch.ReflectionDispatch.dispatch(ReflectionDispatch.java:36)
	at org.gradle.internal.dispatch.ReflectionDispatch.dispatch(ReflectionDispatch.java:24)
	at org.gradle.internal.remote.internal.hub.MessageHubBackedObjectConnection$DispatchWrapper.dispatch(MessageHubBackedObjectConnection.java:182)
	at org.gradle.internal.remote.internal.hub.MessageHubBackedObjectConnection$DispatchWrapper.dispatch(MessageHubBackedObjectConnection.java:164)
	at org.gradle.internal.remote.internal.hub.MessageHub$Handler.run(MessageHub.java:414)
	at org.gradle.internal.concurrent.ExecutorPolicy$CatchAndRecordFailures.onExecute(ExecutorPolicy.java:64)
	at org.gradle.internal.concurrent.ManagedExecutorImpl$1.run(ManagedExecutorImpl.java:48)
	at java.util.concurrent.ThreadPoolExecutor.runWorker(ThreadPoolExecutor.java:1149)
	at java.util.concurrent.ThreadPoolExecutor$Worker.run(ThreadPoolExecutor.java:624)
	at org.gradle.internal.concurrent.ThreadFactoryImpl$ManagedThreadRunnable.run(ThreadFactoryImpl.java:56)
	at java.lang.Thread.run(Thread.java:748)
</failure>
  </testcase>
  <system-out><![CDATA[17:49:35.038  INFO  tests.TestBase - Start method -->removeAllContacts
17:49:35.038  INFO  tests.TestBase - Test Start with Data -->[]
17:49:35.038  INFO  tests.TestBase - ==================================================================
17:49:35.038  INFO  manager.MyListener - Start find element by -->By.xpath: //button[text()='Sign Out']
17:49:45.094  INFO  manager.MyListener - The element -->By.xpath: //button[text()='Sign Out']was found
17:49:45.095  INFO  manager.MyListener - Start find element by -->By.xpath: //a[.='LOGIN']
17:49:45.111  INFO  manager.MyListener - The element -->By.xpath: //a[.='LOGIN']was found
17:49:45.169  INFO  manager.MyListener - Start find element by -->By.xpath: //input[1]
17:49:45.192  INFO  manager.MyListener - The element -->By.xpath: //input[1]was found
17:49:45.400  INFO  manager.MyListener - Start find element by -->By.xpath: //input[2]
17:49:45.415  INFO  manager.MyListener - The element -->By.xpath: //input[2]was found
17:49:45.546  INFO  manager.MyListener - Start find element by -->By.xpath: //button[1]
17:49:45.564  INFO  manager.MyListener - The element -->By.xpath: //button[1]was found
17:49:46.605  INFO  manager.MyListener - Start find element by -->By.cssSelector: .contact-item_card__2SOIM
17:49:46.623  INFO  manager.MyListener - The element -->By.cssSelector: .contact-item_card__2SOIMwas found
17:49:46.623  INFO  manager.MyListener - Start find element by -->By.cssSelector: .contact-item_card__2SOIM
17:49:46.635  INFO  manager.MyListener - The element -->By.cssSelector: .contact-item_card__2SOIMwas found
17:49:46.699  INFO  manager.MyListener - Start find element by -->By.xpath: //button[.='Remove']
17:49:46.721  INFO  manager.MyListener - The element -->By.xpath: //button[.='Remove']was found
17:49:48.781  INFO  manager.MyListener - Start find element by -->By.cssSelector: .contact-item_card__2SOIM
17:49:48.793  INFO  manager.MyListener - The element -->By.cssSelector: .contact-item_card__2SOIMwas found
17:49:48.793  INFO  manager.MyListener - Start find element by -->By.cssSelector: .contact-item_card__2SOIM
17:49:48.802  INFO  manager.MyListener - The element -->By.cssSelector: .contact-item_card__2SOIMwas found
17:49:48.847  INFO  manager.MyListener - Start find element by -->By.xpath: //button[.='Remove']
17:49:48.859  INFO  manager.MyListener - The element -->By.xpath: //button[.='Remove']was found
17:49:50.904  INFO  manager.MyListener - Start find element by -->By.cssSelector: .contact-item_card__2SOIM
17:49:50.915  INFO  manager.MyListener - The element -->By.cssSelector: .contact-item_card__2SOIMwas found
17:49:50.916  INFO  manager.MyListener - Start find element by -->By.cssSelector: .contact-item_card__2SOIM
17:49:50.924  INFO  manager.MyListener - The element -->By.cssSelector: .contact-item_card__2SOIMwas found
17:49:50.960  INFO  manager.MyListener - Start find element by -->By.xpath: //button[.='Remove']
17:49:50.970  INFO  manager.MyListener - The element -->By.xpath: //button[.='Remove']was found
17:49:53.009  INFO  manager.MyListener - Start find element by -->By.cssSelector: .contact-item_card__2SOIM
17:49:53.025  INFO  manager.MyListener - The element -->By.cssSelector: .contact-item_card__2SOIMwas found
17:49:53.026  INFO  manager.MyListener - Start find element by -->By.cssSelector: .contact-item_card__2SOIM
17:49:53.038  INFO  manager.MyListener - The element -->By.cssSelector: .contact-item_card__2SOIMwas found
17:49:53.081  INFO  manager.MyListener - Start find element by -->By.xpath: //button[.='Remove']
17:49:53.092  INFO  manager.MyListener - The element -->By.xpath: //button[.='Remove']was found
17:49:55.135  INFO  manager.MyListener - Start find element by -->By.cssSelector: .contact-item_card__2SOIM
17:49:55.147  INFO  manager.MyListener - The element -->By.cssSelector: .contact-item_card__2SOIMwas found
17:49:55.147  INFO  manager.MyListener - Start find element by -->By.cssSelector: .contact-item_card__2SOIM
17:49:55.157  INFO  manager.MyListener - The element -->By.cssSelector: .contact-item_card__2SOIMwas found
17:49:55.209  INFO  manager.MyListener - Start find element by -->By.xpath: //button[.='Remove']
17:49:55.234  INFO  manager.MyListener - The element -->By.xpath: //button[.='Remove']was found
17:49:57.269  INFO  manager.MyListener - Start find element by -->By.cssSelector: .contact-item_card__2SOIM
17:49:57.283  INFO  manager.MyListener - The element -->By.cssSelector: .contact-item_card__2SOIMwas found
17:49:57.283  INFO  manager.MyListener - Start find element by -->By.cssSelector: .contact-item_card__2SOIM
17:49:57.292  INFO  manager.MyListener - The element -->By.cssSelector: .contact-item_card__2SOIMwas found
17:49:57.345  INFO  manager.MyListener - Start find element by -->By.xpath: //button[.='Remove']
17:49:57.358  INFO  manager.MyListener - The element -->By.xpath: //button[.='Remove']was found
17:49:59.415  INFO  manager.MyListener - Start find element by -->By.cssSelector: .contact-item_card__2SOIM
17:49:59.430  INFO  manager.MyListener - The element -->By.cssSelector: .contact-item_card__2SOIMwas found
17:49:59.431  INFO  manager.MyListener - Start find element by -->By.cssSelector: .contact-item_card__2SOIM
17:49:59.442  INFO  manager.MyListener - The element -->By.cssSelector: .contact-item_card__2SOIMwas found
17:49:59.493  INFO  manager.MyListener - Start find element by -->By.xpath: //button[.='Remove']
17:49:59.506  INFO  manager.MyListener - The element -->By.xpath: //button[.='Remove']was found
17:50:01.546  INFO  manager.MyListener - Start find element by -->By.cssSelector: .contact-item_card__2SOIM
17:50:01.554  INFO  manager.MyListener - The element -->By.cssSelector: .contact-item_card__2SOIMwas found
17:50:01.554  INFO  manager.MyListener - Start find element by -->By.cssSelector: .contact-item_card__2SOIM
17:50:01.569  INFO  manager.MyListener - The element -->By.cssSelector: .contact-item_card__2SOIMwas found
17:50:01.664  INFO  manager.MyListener - Start find element by -->By.xpath: //button[.='Remove']
17:50:01.680  INFO  manager.MyListener - The element -->By.xpath: //button[.='Remove']was found
17:50:03.716  INFO  manager.MyListener - Start find element by -->By.cssSelector: .contact-item_card__2SOIM
17:50:03.729  INFO  manager.MyListener - The element -->By.cssSelector: .contact-item_card__2SOIMwas found
17:50:03.729  INFO  manager.MyListener - Start find element by -->By.cssSelector: .contact-item_card__2SOIM
17:50:03.739  INFO  manager.MyListener - The element -->By.cssSelector: .contact-item_card__2SOIMwas found
17:50:03.807  INFO  manager.MyListener - Start find element by -->By.xpath: //button[.='Remove']
17:50:03.821  INFO  manager.MyListener - The element -->By.xpath: //button[.='Remove']was found
17:50:05.870  INFO  manager.MyListener - Start find element by -->By.cssSelector: .contact-item_card__2SOIM
17:50:05.882  INFO  manager.MyListener - The element -->By.cssSelector: .contact-item_card__2SOIMwas found
17:50:05.883  INFO  manager.MyListener - Start find element by -->By.cssSelector: .contact-item_card__2SOIM
17:50:05.893  INFO  manager.MyListener - The element -->By.cssSelector: .contact-item_card__2SOIMwas found
17:50:05.947  INFO  manager.MyListener - Start find element by -->By.xpath: //button[.='Remove']
17:50:05.966  INFO  manager.MyListener - The element -->By.xpath: //button[.='Remove']was found
17:50:08.016  INFO  manager.MyListener - Start find element by -->By.cssSelector: .contact-item_card__2SOIM
17:50:08.029  INFO  manager.MyListener - The element -->By.cssSelector: .contact-item_card__2SOIMwas found
17:50:08.029  INFO  manager.MyListener - Start find element by -->By.cssSelector: .contact-item_card__2SOIM
17:50:08.039  INFO  manager.MyListener - The element -->By.cssSelector: .contact-item_card__2SOIMwas found
17:50:08.101  INFO  manager.MyListener - Start find element by -->By.xpath: //button[.='Remove']
17:50:08.120  INFO  manager.MyListener - The element -->By.xpath: //button[.='Remove']was found
17:50:10.172  INFO  manager.MyListener - Start find element by -->By.cssSelector: .contact-item_card__2SOIM
17:50:10.185  INFO  manager.MyListener - The element -->By.cssSelector: .contact-item_card__2SOIMwas found
17:50:10.185  INFO  manager.MyListener - Start find element by -->By.cssSelector: .contact-item_card__2SOIM
17:50:10.200  INFO  manager.MyListener - The element -->By.cssSelector: .contact-item_card__2SOIMwas found
17:50:10.262  INFO  manager.MyListener - Start find element by -->By.xpath: //button[.='Remove']
17:50:10.280  INFO  manager.MyListener - The element -->By.xpath: //button[.='Remove']was found
17:50:12.322  INFO  manager.MyListener - Start find element by -->By.cssSelector: .contact-item_card__2SOIM
17:50:12.336  INFO  manager.MyListener - The element -->By.cssSelector: .contact-item_card__2SOIMwas found
17:50:12.337  INFO  manager.MyListener - Start find element by -->By.cssSelector: .contact-item_card__2SOIM
17:50:12.350  INFO  manager.MyListener - The element -->By.cssSelector: .contact-item_card__2SOIMwas found
17:50:12.420  INFO  manager.MyListener - Start find element by -->By.xpath: //button[.='Remove']
17:50:12.432  INFO  manager.MyListener - The element -->By.xpath: //button[.='Remove']was found
17:50:14.473  INFO  manager.MyListener - Start find element by -->By.cssSelector: .contact-item_card__2SOIM
17:50:14.484  INFO  manager.MyListener - The element -->By.cssSelector: .contact-item_card__2SOIMwas found
17:50:14.484  INFO  manager.MyListener - Start find element by -->By.cssSelector: .contact-item_card__2SOIM
17:50:14.492  INFO  manager.MyListener - The element -->By.cssSelector: .contact-item_card__2SOIMwas found
17:50:14.532  INFO  manager.MyListener - Start find element by -->By.xpath: //button[.='Remove']
17:50:14.546  INFO  manager.MyListener - The element -->By.xpath: //button[.='Remove']was found
17:50:16.592  INFO  manager.MyListener - Start find element by -->By.cssSelector: .contact-item_card__2SOIM
17:50:26.600  INFO  manager.MyListener - The element -->By.cssSelector: .contact-item_card__2SOIMwas found
17:50:26.601  INFO  tests.TestBase - End of method -->removeAllContacts
17:50:26.602  INFO  tests.TestBase - Start method -->removeOneContact
17:50:26.602  INFO  tests.TestBase - Test Start with Data -->[]
17:50:26.602  INFO  tests.TestBase - ==================================================================
17:50:26.603  INFO  manager.MyListener - Start find element by -->By.xpath: //button[text()='Sign Out']
17:50:26.611  INFO  manager.MyListener - The element -->By.xpath: //button[text()='Sign Out']was found
17:50:26.611  INFO  manager.MyListener - Start find element by -->By.cssSelector: .contact-item_card__2SOIM
17:50:37.829  INFO  manager.MyListener - Screen ->>src/test/screenshots/screen-3036.png
17:50:37.830  INFO  manager.MyListener - no such element: Unable to locate element: {"method":"css selector","selector":".contact-item_card__2SOIM"}
  (Session info: chrome=92.0.4515.131)
For documentation on this error, please visit: https://www.seleniumhq.org/exceptions/no_such_element.html
Build info: version: '3.141.59', revision: 'e82be7d358', time: '2018-11-14T08:17:03'
System info: host: 'MacBook-Pro-Taya.local', ip: 'fe80:0:0:0:c50:f5f3:ebc6:fb9d%en0', os.name: 'Mac OS X', os.arch: 'x86_64', os.version: '10.16', java.version: '1.8.0_151'
Driver info: org.openqa.selenium.chrome.ChromeDriver
Capabilities {acceptInsecureCerts: false, browserName: chrome, browserVersion: 92.0.4515.131, chrome: {chromedriverVersion: 91.0.4472.101 (af52a90bf870..., userDataDir: /var/folders/s_/hl4vhy0959g...}, goog:chromeOptions: {debuggerAddress: localhost:50900}, javascriptEnabled: true, networkConnectionEnabled: false, pageLoadStrategy: normal, platform: MAC, platformName: MAC, proxy: Proxy(), setWindowRect: true, strictFileInteractability: false, timeouts: {implicit: 0, pageLoad: 300000, script: 30000}, unhandledPromptBehavior: dismiss and notify, webauthn:extension:largeBlob: true, webauthn:virtualAuthenticators: true}
Session ID: 7afff24518be32060fb9dd213dd25bff
*** Element info: {Using=css selector, value=.contact-item_card__2SOIM}
17:50:37.831  INFO  tests.TestBase - End of method -->removeOneContact
]]></system-out>
  <system-err><![CDATA[]]></system-err>
</testsuite>
