<?xml version="1.0" encoding="UTF-8"?>
<testsuite name="tests.LoginTest" tests="12" skipped="0" failures="0" errors="0" timestamp="2021-08-12T10:10:24" hostname="MBP-Taya.lan" time="39.769">
  <properties/>
  <testcase name="loginTestBase" classname="tests.LoginTest" time="1.571"/>
  <testcase name="loginTestDP_CSV[0](User{email='noa@gmail.com', password='Nnoa12345$'})" classname="tests.LoginTest" time="1.012"/>
  <testcase name="loginTestDP_CSV[1](User{email='noa@gmail.com', password='Nnoa12345$'})" classname="tests.LoginTest" time="1.03"/>
  <testcase name="loginTestDP_CSV[2](User{email='noa@gmail.com', password='Nnoa12345$'})" classname="tests.LoginTest" time="0.989"/>
  <testcase name="loginTestDataProvider[0](noa@gmail.com, Nnoa12345$)" classname="tests.LoginTest" time="3.005"/>
  <testcase name="loginTestDataProvider[1](sonya@gmail.com, Ss12345$)" classname="tests.LoginTest" time="3.004"/>
  <testcase name="loginTestDataProvider[2](noa@gmail.com, Nnoa12345$)" classname="tests.LoginTest" time="2.99"/>
  <testcase name="loginTestDataProviderClass[0](noa@gmail.com, Nnoa12345$)" classname="tests.LoginTest" time="3.006"/>
  <testcase name="loginTestDataProviderClass[1](sonya@gmail.com, Ss12345$)" classname="tests.LoginTest" time="3.002"/>
  <testcase name="loginTestDataProviderClass[2](noa@gmail.com, Nnoa12345$)" classname="tests.LoginTest" time="3.001"/>
  <testcase name="loginTestPositiveNewContact" classname="tests.LoginTest" time="3.015"/>
  <testcase name="loginTestWithWrongPassword" classname="tests.LoginTest" time="11.002"/>
  <system-out><![CDATA[13:10:13.959  INFO  tests.TestBase - Start method -->loginTestBase
13:10:13.959  INFO  tests.TestBase - Test Start with Data -->[]
13:10:13.959  INFO  tests.TestBase - ==================================================================
13:10:13.960  INFO  manager.MyListener - Start find element by -->By.xpath: //button[text()='Sign Out']
13:10:24.004  INFO  manager.MyListener - The element -->By.xpath: //button[text()='Sign Out']was found
13:10:24.005  INFO  manager.MyListener - Start find element by -->By.xpath: //a[.='LOGIN']
13:10:24.018  INFO  manager.MyListener - The element -->By.xpath: //a[.='LOGIN']was found
13:10:24.282  INFO  manager.MyListener - Start find element by -->By.xpath: //input[1]
13:10:24.291  INFO  manager.MyListener - The element -->By.xpath: //input[1]was found
13:10:24.555  INFO  manager.MyListener - Start find element by -->By.xpath: //input[2]
13:10:24.563  INFO  manager.MyListener - The element -->By.xpath: //input[2]was found
13:10:24.801  INFO  manager.MyListener - Start find element by -->By.xpath: //button[1]
13:10:24.811  INFO  manager.MyListener - The element -->By.xpath: //button[1]was found
13:10:25.033  INFO  manager.MyListener - Start find element by -->By.xpath: //button[text()='Sign Out']
13:10:25.568  INFO  manager.MyListener - The element -->By.xpath: //button[text()='Sign Out']was found
13:10:25.577  INFO  tests.TestBase - End of method -->loginTestBase
13:10:25.591  INFO  tests.TestBase - Start method -->loginTestDP_CSV
13:10:25.592  INFO  tests.TestBase - Test Start with Data -->[User{email='noa@gmail.com', password='Nnoa12345$'}]
13:10:25.592  INFO  tests.TestBase - ==================================================================
13:10:25.593  INFO  manager.MyListener - Start find element by -->By.xpath: //button[text()='Sign Out']
13:10:25.616  INFO  manager.MyListener - The element -->By.xpath: //button[text()='Sign Out']was found
13:10:25.727  INFO  manager.MyListener - Start find element by -->By.xpath: //button[text()='Sign Out']
13:10:25.736  INFO  manager.MyListener - The element -->By.xpath: //button[text()='Sign Out']was found
13:10:25.801  INFO  manager.MyListener - Start find element by -->By.xpath: //button[text()='Sign Out']
13:10:25.808  INFO  manager.MyListener - The element -->By.xpath: //button[text()='Sign Out']was found
13:10:26.041  INFO  manager.MyListener - Start find element by -->By.xpath: //a[.='LOGIN']
13:10:26.048  INFO  manager.MyListener - The element -->By.xpath: //a[.='LOGIN']was found
13:10:26.269  INFO  manager.MyListener - Start find element by -->By.xpath: //input[1]
13:10:26.276  INFO  manager.MyListener - The element -->By.xpath: //input[1]was found
13:10:26.548  INFO  manager.MyListener - Start find element by -->By.xpath: //input[2]
13:10:26.556  INFO  manager.MyListener - The element -->By.xpath: //input[2]was found
13:10:26.815  INFO  manager.MyListener - Start find element by -->By.xpath: //button[1]
13:10:26.822  INFO  manager.MyListener - The element -->By.xpath: //button[1]was found
13:10:27.043  INFO  manager.MyListener - Start find element by -->By.xpath: //button[text()='Sign Out']
13:10:27.052  INFO  manager.MyListener - The element -->By.xpath: //button[text()='Sign Out']was found
13:10:27.053  INFO  tests.TestBase - End of method -->loginTestDP_CSV
13:10:27.054  INFO  tests.TestBase - Start method -->loginTestDP_CSV
13:10:27.055  INFO  tests.TestBase - Test Start with Data -->[User{email='noa@gmail.com', password='Nnoa12345$'}]
13:10:27.055  INFO  tests.TestBase - ==================================================================
13:10:27.056  INFO  manager.MyListener - Start find element by -->By.xpath: //button[text()='Sign Out']
13:10:27.064  INFO  manager.MyListener - The element -->By.xpath: //button[text()='Sign Out']was found
13:10:27.065  INFO  manager.MyListener - Start find element by -->By.xpath: //button[text()='Sign Out']
13:10:27.071  INFO  manager.MyListener - The element -->By.xpath: //button[text()='Sign Out']was found
13:10:27.091  INFO  manager.MyListener - Start find element by -->By.xpath: //button[text()='Sign Out']
13:10:27.099  INFO  manager.MyListener - The element -->By.xpath: //button[text()='Sign Out']was found
13:10:27.335  INFO  manager.MyListener - Start find element by -->By.xpath: //a[.='LOGIN']
13:10:27.348  INFO  manager.MyListener - The element -->By.xpath: //a[.='LOGIN']was found
13:10:27.572  INFO  manager.MyListener - Start find element by -->By.xpath: //input[1]
13:10:27.580  INFO  manager.MyListener - The element -->By.xpath: //input[1]was found
13:10:27.854  INFO  manager.MyListener - Start find element by -->By.xpath: //input[2]
13:10:27.861  INFO  manager.MyListener - The element -->By.xpath: //input[2]was found
13:10:28.127  INFO  manager.MyListener - Start find element by -->By.xpath: //button[1]
13:10:28.136  INFO  manager.MyListener - The element -->By.xpath: //button[1]was found
13:10:28.355  INFO  manager.MyListener - Start find element by -->By.xpath: //button[text()='Sign Out']
13:10:28.363  INFO  manager.MyListener - The element -->By.xpath: //button[text()='Sign Out']was found
13:10:28.364  INFO  tests.TestBase - End of method -->loginTestDP_CSV
13:10:28.365  INFO  tests.TestBase - Start method -->loginTestDP_CSV
13:10:28.366  INFO  tests.TestBase - Test Start with Data -->[User{email='noa@gmail.com', password='Nnoa12345$'}]
13:10:28.366  INFO  tests.TestBase - ==================================================================
13:10:28.368  INFO  manager.MyListener - Start find element by -->By.xpath: //button[text()='Sign Out']
13:10:28.376  INFO  manager.MyListener - The element -->By.xpath: //button[text()='Sign Out']was found
13:10:28.377  INFO  manager.MyListener - Start find element by -->By.xpath: //button[text()='Sign Out']
13:10:28.384  INFO  manager.MyListener - The element -->By.xpath: //button[text()='Sign Out']was found
13:10:28.405  INFO  manager.MyListener - Start find element by -->By.xpath: //button[text()='Sign Out']
13:10:28.411  INFO  manager.MyListener - The element -->By.xpath: //button[text()='Sign Out']was found
13:10:28.643  INFO  manager.MyListener - Start find element by -->By.xpath: //a[.='LOGIN']
13:10:28.662  INFO  manager.MyListener - The element -->By.xpath: //a[.='LOGIN']was found
13:10:28.886  INFO  manager.MyListener - Start find element by -->By.xpath: //input[1]
13:10:28.894  INFO  manager.MyListener - The element -->By.xpath: //input[1]was found
13:10:29.138  INFO  manager.MyListener - Start find element by -->By.xpath: //input[2]
13:10:29.144  INFO  manager.MyListener - The element -->By.xpath: //input[2]was found
13:10:29.395  INFO  manager.MyListener - Start find element by -->By.xpath: //button[1]
13:10:29.403  INFO  manager.MyListener - The element -->By.xpath: //button[1]was found
13:10:29.621  INFO  manager.MyListener - Start find element by -->By.xpath: //button[text()='Sign Out']
13:10:29.632  INFO  manager.MyListener - The element -->By.xpath: //button[text()='Sign Out']was found
13:10:29.633  INFO  tests.TestBase - End of method -->loginTestDP_CSV
13:10:29.635  INFO  tests.TestBase - Start method -->loginTestDataProvider
13:10:29.636  INFO  tests.TestBase - Test Start with Data -->[noa@gmail.com, Nnoa12345$]
13:10:29.636  INFO  tests.TestBase - ==================================================================
13:10:29.637  INFO  manager.MyListener - Start find element by -->By.xpath: //button[text()='Sign Out']
13:10:29.644  INFO  manager.MyListener - The element -->By.xpath: //button[text()='Sign Out']was found
13:10:29.645  INFO  manager.MyListener - Start find element by -->By.xpath: //button[text()='Sign Out']
13:10:29.651  INFO  manager.MyListener - The element -->By.xpath: //button[text()='Sign Out']was found
13:10:29.671  INFO  manager.MyListener - Start find element by -->By.xpath: //button[text()='Sign Out']
13:10:29.678  INFO  manager.MyListener - The element -->By.xpath: //button[text()='Sign Out']was found
13:10:29.898  INFO  manager.MyListener - Start find element by -->By.xpath: //a[.='LOGIN']
13:10:29.906  INFO  manager.MyListener - The element -->By.xpath: //a[.='LOGIN']was found
13:10:30.130  INFO  manager.MyListener - Start find element by -->By.xpath: //input[1]
13:10:30.138  INFO  manager.MyListener - The element -->By.xpath: //input[1]was found
13:10:30.404  INFO  manager.MyListener - Start find element by -->By.xpath: //input[2]
13:10:30.410  INFO  manager.MyListener - The element -->By.xpath: //input[2]was found
13:10:30.669  INFO  manager.MyListener - Start find element by -->By.xpath: //button[1]
13:10:30.676  INFO  manager.MyListener - The element -->By.xpath: //button[1]was found
13:10:32.894  INFO  manager.MyListener - Start find element by -->By.xpath: //button[text()='Sign Out']
13:10:32.903  INFO  manager.MyListener - The element -->By.xpath: //button[text()='Sign Out']was found
13:10:32.905  INFO  tests.TestBase - End of method -->loginTestDataProvider
13:10:32.906  INFO  tests.TestBase - Start method -->loginTestDataProvider
13:10:32.906  INFO  tests.TestBase - Test Start with Data -->[sonya@gmail.com, Ss12345$]
13:10:32.907  INFO  tests.TestBase - ==================================================================
13:10:32.908  INFO  manager.MyListener - Start find element by -->By.xpath: //button[text()='Sign Out']
13:10:32.915  INFO  manager.MyListener - The element -->By.xpath: //button[text()='Sign Out']was found
13:10:32.915  INFO  manager.MyListener - Start find element by -->By.xpath: //button[text()='Sign Out']
13:10:32.922  INFO  manager.MyListener - The element -->By.xpath: //button[text()='Sign Out']was found
13:10:32.941  INFO  manager.MyListener - Start find element by -->By.xpath: //button[text()='Sign Out']
13:10:32.947  INFO  manager.MyListener - The element -->By.xpath: //button[text()='Sign Out']was found
13:10:33.175  INFO  manager.MyListener - Start find element by -->By.xpath: //a[.='LOGIN']
13:10:33.184  INFO  manager.MyListener - The element -->By.xpath: //a[.='LOGIN']was found
13:10:33.403  INFO  manager.MyListener - Start find element by -->By.xpath: //input[1]
13:10:33.410  INFO  manager.MyListener - The element -->By.xpath: //input[1]was found
13:10:33.678  INFO  manager.MyListener - Start find element by -->By.xpath: //input[2]
13:10:33.684  INFO  manager.MyListener - The element -->By.xpath: //input[2]was found
13:10:33.935  INFO  manager.MyListener - Start find element by -->By.xpath: //button[1]
13:10:33.948  INFO  manager.MyListener - The element -->By.xpath: //button[1]was found
13:10:36.170  INFO  manager.MyListener - Start find element by -->By.xpath: //button[text()='Sign Out']
13:10:36.178  INFO  manager.MyListener - The element -->By.xpath: //button[text()='Sign Out']was found
13:10:36.179  INFO  tests.TestBase - End of method -->loginTestDataProvider
13:10:36.180  INFO  tests.TestBase - Start method -->loginTestDataProvider
13:10:36.180  INFO  tests.TestBase - Test Start with Data -->[noa@gmail.com, Nnoa12345$]
13:10:36.180  INFO  tests.TestBase - ==================================================================
13:10:36.181  INFO  manager.MyListener - Start find element by -->By.xpath: //button[text()='Sign Out']
13:10:36.188  INFO  manager.MyListener - The element -->By.xpath: //button[text()='Sign Out']was found
13:10:36.189  INFO  manager.MyListener - Start find element by -->By.xpath: //button[text()='Sign Out']
13:10:36.195  INFO  manager.MyListener - The element -->By.xpath: //button[text()='Sign Out']was found
13:10:36.212  INFO  manager.MyListener - Start find element by -->By.xpath: //button[text()='Sign Out']
13:10:36.218  INFO  manager.MyListener - The element -->By.xpath: //button[text()='Sign Out']was found
13:10:36.440  INFO  manager.MyListener - Start find element by -->By.xpath: //a[.='LOGIN']
13:10:36.446  INFO  manager.MyListener - The element -->By.xpath: //a[.='LOGIN']was found
13:10:36.664  INFO  manager.MyListener - Start find element by -->By.xpath: //input[1]
13:10:36.672  INFO  manager.MyListener - The element -->By.xpath: //input[1]was found
13:10:36.926  INFO  manager.MyListener - Start find element by -->By.xpath: //input[2]
13:10:36.933  INFO  manager.MyListener - The element -->By.xpath: //input[2]was found
13:10:37.194  INFO  manager.MyListener - Start find element by -->By.xpath: //button[1]
13:10:37.200  INFO  manager.MyListener - The element -->By.xpath: //button[1]was found
13:10:39.422  INFO  manager.MyListener - Start find element by -->By.xpath: //button[text()='Sign Out']
13:10:39.430  INFO  manager.MyListener - The element -->By.xpath: //button[text()='Sign Out']was found
13:10:39.431  INFO  tests.TestBase - End of method -->loginTestDataProvider
13:10:39.432  INFO  tests.TestBase - Start method -->loginTestDataProviderClass
13:10:39.433  INFO  tests.TestBase - Test Start with Data -->[noa@gmail.com, Nnoa12345$]
13:10:39.433  INFO  tests.TestBase - ==================================================================
13:10:39.433  INFO  manager.MyListener - Start find element by -->By.xpath: //button[text()='Sign Out']
13:10:39.440  INFO  manager.MyListener - The element -->By.xpath: //button[text()='Sign Out']was found
13:10:39.441  INFO  manager.MyListener - Start find element by -->By.xpath: //button[text()='Sign Out']
13:10:39.448  INFO  manager.MyListener - The element -->By.xpath: //button[text()='Sign Out']was found
13:10:39.466  INFO  manager.MyListener - Start find element by -->By.xpath: //button[text()='Sign Out']
13:10:39.472  INFO  manager.MyListener - The element -->By.xpath: //button[text()='Sign Out']was found
13:10:39.695  INFO  manager.MyListener - Start find element by -->By.xpath: //a[.='LOGIN']
13:10:39.702  INFO  manager.MyListener - The element -->By.xpath: //a[.='LOGIN']was found
13:10:39.921  INFO  manager.MyListener - Start find element by -->By.xpath: //input[1]
13:10:39.928  INFO  manager.MyListener - The element -->By.xpath: //input[1]was found
13:10:40.198  INFO  manager.MyListener - Start find element by -->By.xpath: //input[2]
13:10:40.206  INFO  manager.MyListener - The element -->By.xpath: //input[2]was found
13:10:40.469  INFO  manager.MyListener - Start find element by -->By.xpath: //button[1]
13:10:40.475  INFO  manager.MyListener - The element -->By.xpath: //button[1]was found
13:10:42.693  INFO  manager.MyListener - Start find element by -->By.xpath: //button[text()='Sign Out']
13:10:42.701  INFO  manager.MyListener - The element -->By.xpath: //button[text()='Sign Out']was found
13:10:42.702  INFO  tests.TestBase - End of method -->loginTestDataProviderClass
13:10:42.703  INFO  tests.TestBase - Start method -->loginTestDataProviderClass
13:10:42.703  INFO  tests.TestBase - Test Start with Data -->[sonya@gmail.com, Ss12345$]
13:10:42.703  INFO  tests.TestBase - ==================================================================
13:10:42.704  INFO  manager.MyListener - Start find element by -->By.xpath: //button[text()='Sign Out']
13:10:42.711  INFO  manager.MyListener - The element -->By.xpath: //button[text()='Sign Out']was found
13:10:42.711  INFO  manager.MyListener - Start find element by -->By.xpath: //button[text()='Sign Out']
13:10:42.718  INFO  manager.MyListener - The element -->By.xpath: //button[text()='Sign Out']was found
13:10:42.737  INFO  manager.MyListener - Start find element by -->By.xpath: //button[text()='Sign Out']
13:10:42.743  INFO  manager.MyListener - The element -->By.xpath: //button[text()='Sign Out']was found
13:10:42.964  INFO  manager.MyListener - Start find element by -->By.xpath: //a[.='LOGIN']
13:10:42.971  INFO  manager.MyListener - The element -->By.xpath: //a[.='LOGIN']was found
13:10:43.189  INFO  manager.MyListener - Start find element by -->By.xpath: //input[1]
13:10:43.197  INFO  manager.MyListener - The element -->By.xpath: //input[1]was found
13:10:43.463  INFO  manager.MyListener - Start find element by -->By.xpath: //input[2]
13:10:43.471  INFO  manager.MyListener - The element -->By.xpath: //input[2]was found
13:10:43.729  INFO  manager.MyListener - Start find element by -->By.xpath: //button[1]
13:10:43.736  INFO  manager.MyListener - The element -->By.xpath: //button[1]was found
13:10:45.956  INFO  manager.MyListener - Start find element by -->By.xpath: //button[text()='Sign Out']
13:10:45.966  INFO  manager.MyListener - The element -->By.xpath: //button[text()='Sign Out']was found
13:10:45.969  INFO  tests.TestBase - End of method -->loginTestDataProviderClass
13:10:45.970  INFO  tests.TestBase - Start method -->loginTestDataProviderClass
13:10:45.970  INFO  tests.TestBase - Test Start with Data -->[noa@gmail.com, Nnoa12345$]
13:10:45.970  INFO  tests.TestBase - ==================================================================
13:10:45.971  INFO  manager.MyListener - Start find element by -->By.xpath: //button[text()='Sign Out']
13:10:45.977  INFO  manager.MyListener - The element -->By.xpath: //button[text()='Sign Out']was found
13:10:45.977  INFO  manager.MyListener - Start find element by -->By.xpath: //button[text()='Sign Out']
13:10:45.984  INFO  manager.MyListener - The element -->By.xpath: //button[text()='Sign Out']was found
13:10:46.003  INFO  manager.MyListener - Start find element by -->By.xpath: //button[text()='Sign Out']
13:10:46.009  INFO  manager.MyListener - The element -->By.xpath: //button[text()='Sign Out']was found
13:10:46.233  INFO  manager.MyListener - Start find element by -->By.xpath: //a[.='LOGIN']
13:10:46.240  INFO  manager.MyListener - The element -->By.xpath: //a[.='LOGIN']was found
13:10:46.458  INFO  manager.MyListener - Start find element by -->By.xpath: //input[1]
13:10:46.466  INFO  manager.MyListener - The element -->By.xpath: //input[1]was found
13:10:46.731  INFO  manager.MyListener - Start find element by -->By.xpath: //input[2]
13:10:46.738  INFO  manager.MyListener - The element -->By.xpath: //input[2]was found
13:10:46.999  INFO  manager.MyListener - Start find element by -->By.xpath: //button[1]
13:10:47.006  INFO  manager.MyListener - The element -->By.xpath: //button[1]was found
13:10:49.225  INFO  manager.MyListener - Start find element by -->By.xpath: //button[text()='Sign Out']
13:10:49.234  INFO  manager.MyListener - The element -->By.xpath: //button[text()='Sign Out']was found
13:10:49.235  INFO  tests.TestBase - End of method -->loginTestDataProviderClass
13:10:49.236  INFO  tests.TestBase - Start method -->loginTestPositiveNewContact
13:10:49.236  INFO  tests.TestBase - Test Start with Data -->[]
13:10:49.237  INFO  tests.TestBase - ==================================================================
13:10:49.237  INFO  manager.MyListener - Start find element by -->By.xpath: //button[text()='Sign Out']
13:10:49.244  INFO  manager.MyListener - The element -->By.xpath: //button[text()='Sign Out']was found
13:10:49.244  INFO  manager.MyListener - Start find element by -->By.xpath: //button[text()='Sign Out']
13:10:49.250  INFO  manager.MyListener - The element -->By.xpath: //button[text()='Sign Out']was found
13:10:49.270  INFO  manager.MyListener - Start find element by -->By.xpath: //button[text()='Sign Out']
13:10:49.276  INFO  manager.MyListener - The element -->By.xpath: //button[text()='Sign Out']was found
13:10:49.498  INFO  manager.MyListener - Start find element by -->By.xpath: //a[.='LOGIN']
13:10:49.507  INFO  manager.MyListener - The element -->By.xpath: //a[.='LOGIN']was found
13:10:49.727  INFO  manager.MyListener - Start find element by -->By.xpath: //input[@placeholder='Email']
13:10:49.733  INFO  manager.MyListener - The element -->By.xpath: //input[@placeholder='Email']was found
13:10:49.995  INFO  manager.MyListener - Start find element by -->By.xpath: //input[@placeholder='Password']
13:10:50.002  INFO  manager.MyListener - The element -->By.xpath: //input[@placeholder='Password']was found
13:10:50.258  INFO  manager.MyListener - Start find element by -->By.xpath: //button[.=' Login']
13:10:50.264  INFO  manager.MyListener - The element -->By.xpath: //button[.=' Login']was found
13:10:52.482  INFO  manager.MyListener - Start find element by -->By.xpath: //a[.='ADD']
13:10:52.495  INFO  manager.MyListener - The element -->By.xpath: //a[.='ADD']was found
13:10:52.513  INFO  tests.TestBase - End of method -->loginTestPositiveNewContact
13:10:52.514  INFO  tests.TestBase - Start method -->loginTestWithWrongPassword
13:10:52.514  INFO  tests.TestBase - Test Start with Data -->[]
13:10:52.515  INFO  tests.TestBase - ==================================================================
13:10:52.515  INFO  manager.MyListener - Start find element by -->By.xpath: //button[text()='Sign Out']
13:10:52.522  INFO  manager.MyListener - The element -->By.xpath: //button[text()='Sign Out']was found
13:10:52.522  INFO  manager.MyListener - Start find element by -->By.xpath: //button[text()='Sign Out']
13:10:52.528  INFO  manager.MyListener - The element -->By.xpath: //button[text()='Sign Out']was found
13:10:52.545  INFO  manager.MyListener - Start find element by -->By.xpath: //button[text()='Sign Out']
13:10:52.551  INFO  manager.MyListener - The element -->By.xpath: //button[text()='Sign Out']was found
13:10:52.773  INFO  manager.MyListener - Start find element by -->By.xpath: //a[.='LOGIN']
13:10:52.780  INFO  manager.MyListener - The element -->By.xpath: //a[.='LOGIN']was found
13:10:52.999  INFO  manager.MyListener - Start find element by -->By.xpath: //input[1]
13:10:53.007  INFO  manager.MyListener - The element -->By.xpath: //input[1]was found
13:10:53.257  INFO  manager.MyListener - Start find element by -->By.xpath: //input[2]
13:10:53.264  INFO  manager.MyListener - The element -->By.xpath: //input[2]was found
13:10:53.522  INFO  manager.MyListener - Start find element by -->By.xpath: //button[1]
13:10:53.530  INFO  manager.MyListener - The element -->By.xpath: //button[1]was found
13:10:53.757  INFO  manager.MyListener - Start find element by -->By.xpath: //button[text()='Sign Out']
13:11:03.772  INFO  manager.MyListener - The element -->By.xpath: //button[text()='Sign Out']was found
13:11:03.776  INFO  tests.TestBase - End of method -->loginTestWithWrongPassword
]]></system-out>
  <system-err><![CDATA[]]></system-err>
</testsuite>
