<?xml version="1.0" encoding="UTF-8"?>
<testsuite name="tests.QuickTest" tests="1" skipped="0" failures="0" errors="0" timestamp="2021-08-12T10:10:13" hostname="MBP-Taya.lan" time="0.0">
  <properties/>
  <testcase name="quicktest" classname="tests.QuickTest" time="0.0"/>
  <system-out><![CDATA[13:10:13.946  INFO  tests.TestBase - Start method -->quicktest
13:10:13.947  INFO  tests.TestBase - Test Start with Data -->[]
13:10:13.955  INFO  tests.TestBase - ==================================================================
Im Quick test
13:10:13.957  INFO  tests.TestBase - End of method -->quicktest
]]></system-out>
  <system-err><![CDATA[]]></system-err>
</testsuite>
