<?xml version="1.0" encoding="UTF-8"?>
<testsuite name="tests.SmokeTest" tests="1" skipped="0" failures="0" errors="0" timestamp="2021-08-12T10:10:13" hostname="MBP-Taya.lan" time="0.002">
  <properties/>
  <testcase name="smokeTest" classname="tests.SmokeTest" time="0.002"/>
  <system-out><![CDATA[13:10:13.931  INFO  tests.TestBase - Start method -->smokeTest
13:10:13.932  INFO  tests.TestBase - Test Start with Data -->[]
13:10:13.932  INFO  tests.TestBase - ==================================================================
Im Smoke Test 
13:10:13.941  INFO  tests.TestBase - End of method -->smokeTest
]]></system-out>
  <system-err><![CDATA[]]></system-err>
</testsuite>
